<?xml version="1.0" encoding="UTF-8"?>
<!-- Generated by org.testng.reporters.JUnitXMLReporter -->
<testsuite ignored="3" hostname="DESKTOP-KDHLI5B" failures="0" tests="1" name="SiliconeLabTestNGFramework" time="31.487" errors="0" timestamp="2020-09-26T12:33:10 EDT">
  <testcase classname="com.hubspot.tests.LoginPageTest" name="loginTest1" time="13.103"/>
  <testcase classname="com.hubspot.tests.LoginPageTest" name="getTitle" time="0.0">
    <ignored/>
  </testcase> <!-- getTitle -->
  <testcase classname="com.hubspot.tests.LoginPageTest" name="loginTest2" time="0.0">
    <ignored/>
  </testcase> <!-- loginTest2 -->
  <testcase classname="com.hubspot.tests.LoginPageTest" name="loginTest3" time="0.0">
    <ignored/>
  </testcase> <!-- loginTest3 -->
</testsuite> <!-- SiliconeLabTestNGFramework -->
