<?xml version="1.0" encoding="UTF-8"?>
<testng-results ignored="0" total="1" passed="1" failed="0" skipped="0">
  <reporter-output>
  </reporter-output>
  <suite started-at="2020-09-26T17:46:47 EDT" name="Default Suite" finished-at="2020-09-26T17:47:18 EDT" duration-ms="31154">
    <groups>
    </groups>
    <test started-at="2020-09-26T17:46:47 EDT" name="SiliconeLabTestNGFramework" finished-at="2020-09-26T17:47:18 EDT" duration-ms="31154">
      <class name="com.hubspot.tests.LoginPFTest">
        <test-method is-config="true" signature="setUp()[pri:0, instance:com.hubspot.tests.LoginPFTest@7c9d8e2]" started-at="2020-09-26T17:46:47 EDT" name="setUp" finished-at="2020-09-26T17:47:07 EDT" duration-ms="20173" status="PASS">
          <reporter-output>
          </reporter-output>
        </test-method> <!-- setUp -->
        <test-method signature="loginTest()[pri:0, instance:com.hubspot.tests.LoginPFTest@7c9d8e2]" started-at="2020-09-26T17:47:08 EDT" name="loginTest" finished-at="2020-09-26T17:47:17 EDT" duration-ms="8698" status="PASS">
          <reporter-output>
          </reporter-output>
        </test-method> <!-- loginTest -->
        <test-method is-config="true" signature="tearDown()[pri:0, instance:com.hubspot.tests.LoginPFTest@7c9d8e2]" started-at="2020-09-26T17:47:17 EDT" name="tearDown" finished-at="2020-09-26T17:47:18 EDT" duration-ms="1397" status="PASS">
          <reporter-output>
          </reporter-output>
        </test-method> <!-- tearDown -->
      </class> <!-- com.hubspot.tests.LoginPFTest -->
    </test> <!-- SiliconeLabTestNGFramework -->
  </suite> <!-- Default Suite -->
</testng-results>
