<?xml version="1.0" encoding="UTF-8"?>
<!-- Generated by org.testng.reporters.JUnitXMLReporter -->
<testsuite ignored="0" hostname="DESKTOP-KDHLI5B" failures="0" tests="4" name="HubSpot Sanity" time="90.11" errors="0" timestamp="2020-09-26T12:49:15 EDT">
  <testcase classname="com.hubspot.tests.LoginPageTest" name="getTitle" time="2.433"/>
  <testcase classname="com.hubspot.tests.LoginPageTest" name="loginTest1" time="10.129"/>
  <testcase classname="com.hubspot.tests.LoginPageTest" name="loginTest2" time="9.711"/>
  <testcase classname="com.hubspot.tests.LoginPageTest" name="loginTest3" time="9.246"/>
</testsuite> <!-- HubSpot Sanity -->
